# JRE version: Java(TM) SE Runtime Environment 18.9 (11.0.15.1+2) (build 11.0.15.1+2-LTS-10)
# Java VM: Java HotSpot(TM) 64-Bit Server VM 18.9 (11.0.15.1+2-LTS-10, mixed mode, tiered, compressed oops, g1 gc, windows-amd64)
Heap:
 garbage-first heap   total 260096K, used 47261K [0x0000000703e00000, 0x0000000800000000)
  region size 1024K, 34 young (34816K), 10 survivors (10240K)
 Metaspace       used 62517K, capacity 63985K, committed 64256K, reserved 1105920K
  class space    used 8041K, capacity 8639K, committed 8704K, reserved 1048576K
GC Heap History (10 events):
Event: 3.990 GC heap before
{Heap before GC invocations=2 (full 0):
 garbage-first heap   total 260096K, used 38110K [0x0000000703e00000, 0x0000000800000000)
  region size 1024K, 31 young (31744K), 2 survivors (2048K)
 Metaspace       used 20680K, capacity 21183K, committed 21296K, reserved 1069056K
  class space    used 2270K, capacity 2492K, committed 2560K, reserved 1048576K
}
Event: 3.995 GC heap after
{Heap after GC invocations=3 (full 0):
 garbage-first heap   total 260096K, used 10485K [0x0000000703e00000, 0x0000000800000000)
  region size 1024K, 3 young (3072K), 3 survivors (3072K)
 Metaspace       used 20680K, capacity 21183K, committed 21296K, reserved 1069056K
  class space    used 2270K, capacity 2492K, committed 2560K, reserved 1048576K
}
Event: 6.811 GC heap before
{Heap before GC invocations=4 (full 0):
 garbage-first heap   total 260096K, used 133365K [0x0000000703e00000, 0x0000000800000000)
  region size 1024K, 123 young (125952K), 3 survivors (3072K)
 Metaspace       used 33099K, capacity 33940K, committed 34048K, reserved 1079296K
  class space    used 3931K, capacity 4272K, committed 4352K, reserved 1048576K
}
Event: 6.821 GC heap after
{Heap after GC invocations=5 (full 0):
 garbage-first heap   total 260096K, used 14640K [0x0000000703e00000, 0x0000000800000000)
  region size 1024K, 7 young (7168K), 7 survivors (7168K)
 Metaspace       used 33099K, capacity 33940K, committed 34048K, reserved 1079296K
  class space    used 3931K, capacity 4272K, committed 4352K, reserved 1048576K
}
Event: 7.242 GC heap before
{Heap before GC invocations=5 (full 0):
 garbage-first heap   total 260096K, used 27952K [0x0000000703e00000, 0x0000000800000000)
  region size 1024K, 21 young (21504K), 7 survivors (7168K)
 Metaspace       used 34884K, capacity 35712K, committed 35840K, reserved 1081344K
  class space    used 4179K, capacity 4538K, committed 4608K, reserved 1048576K
}
Event: 7.252 GC heap after
{Heap after GC invocations=6 (full 0):
 garbage-first heap   total 260096K, used 16037K [0x0000000703e00000, 0x0000000800000000)
  region size 1024K, 8 young (8192K), 8 survivors (8192K)
 Metaspace       used 34884K, capacity 35712K, committed 35840K, reserved 1081344K
  class space    used 4179K, capacity 4538K, committed 4608K, reserved 1048576K
}
Event: 20.945 GC heap before
{Heap before GC invocations=7 (full 0):
 garbage-first heap   total 260096K, used 168613K [0x0000000703e00000, 0x0000000800000000)
  region size 1024K, 152 young (155648K), 8 survivors (8192K)
 Metaspace       used 56963K, capacity 58311K, committed 58496K, reserved 1099776K
  class space    used 7178K, capacity 7729K, committed 7808K, reserved 1048576K
}
Event: 21.167 GC heap after
{Heap after GC invocations=8 (full 0):
 garbage-first heap   total 260096K, used 22687K [0x0000000703e00000, 0x0000000800000000)
  region size 1024K, 15 young (15360K), 15 survivors (15360K)
 Metaspace       used 56963K, capacity 58311K, committed 58496K, reserved 1099776K
  class space    used 7178K, capacity 7729K, committed 7808K, reserved 1048576K
}
Event: 22.503 GC heap before
{Heap before GC invocations=8 (full 0):
 garbage-first heap   total 260096K, used 31903K [0x0000000703e00000, 0x0000000800000000)
  region size 1024K, 25 young (25600K), 15 survivors (15360K)
 Metaspace       used 58800K, capacity 60105K, committed 60160K, reserved 1101824K
  class space    used 7521K, capacity 8064K, committed 8064K, reserved 1048576K
}
Event: 22.545 GC heap after
{Heap after GC invocations=9 (full 0):
 garbage-first heap   total 260096K, used 23709K [0x0000000703e00000, 0x0000000800000000)
  region size 1024K, 10 young (10240K), 10 survivors (10240K)
 Metaspace       used 58800K, capacity 60105K, committed 60160K, reserved 1101824K
  class space    used 7521K, capacity 8064K, committed 8064K, reserved 1048576K
}

